ERROR:root:FIXME: Unimplemented - put('list', 'A sequence of things - created using []')
ERROR:root:FIXME: Unimplemented - get('list')
ERROR:root:FIXME: Unimplemented - put('list', 'A sequence of things created using []')
ERROR:root:FIXME: Unimplemented - get('list')
INFO:root:Constructing parser
INFO:root:Constructing parser
DEBUG:root:Constructing put subparser
INFO:root:Constructing parser
DEBUG:root:Constructing put subparser
INFO:root:Constructing parser
DEBUG:root:Constructing put subparser
INFO:root:Constructing parser
DEBUG:root:Constructing put subparser
INFO:root:Constructing parser
DEBUG:root:Constructing put subparser
DEBUG:root:Constructing get subparser
INFO:root:Constructing parser
DEBUG:root:Constructing put subparser
DEBUG:root:Constructing get subparser
ERROR:root:FIXME: Unimplemented - put('list', 'A sequence of things - created using []')
INFO:root:Constructing parser
DEBUG:root:Constructing put subparser
DEBUG:root:Constructing get subparser
ERROR:root:FIXME: Unimplemented - get('list')
DEBUG:root:Connecting to PostgreSQL
DEBUG:root:Database connection established
INFO:root:Constructing parser
DEBUG:root:Constructing put subparser
DEBUG:root:Constructing get subparser
INFO:root:Storing snippet 'Test': 'This is a test snippet'
DEBUG:root:Snippet stored successfully
DEBUG:root:Connecting to PostgreSQL
DEBUG:root:Database connection established
INFO:root:Constructing parser
DEBUG:root:Constructing put subparser
DEBUG:root:Constructing get subparser
INFO:root:Returning snippet 'Test'
DEBUG:root:Connecting to PostgreSQL
DEBUG:root:Database connection established
INFO:root:Constructing parser
DEBUG:root:Constructing put subparser
DEBUG:root:Constructing get subparser
INFO:root:Returning snippet 'Test'
DEBUG:root:Snippet retrieved successfully
DEBUG:root:Connecting to PostgreSQL
DEBUG:root:Database connection established
INFO:root:Constructing parser
DEBUG:root:Constructing put subparser
DEBUG:root:Constructing get subparser
INFO:root:Returning snippet 'Test'
DEBUG:root:Snippet retrieved successfully
DEBUG:root:Connecting to PostgreSQL
DEBUG:root:Database connection established
INFO:root:Constructing parser
DEBUG:root:Constructing put subparser
DEBUG:root:Constructing get subparser
INFO:root:Retrieving snippet 'JS'
DEBUG:root:Snippet retrieved successfully
DEBUG:root:Connecting to PostgreSQL
DEBUG:root:Database connection established
INFO:root:Constructing parser
DEBUG:root:Constructing put subparser
DEBUG:root:Constructing get subparser
INFO:root:Retrieving snippet 'JS'
DEBUG:root:Connecting to PostgreSQL
DEBUG:root:Database connection established
INFO:root:Constructing parser
DEBUG:root:Constructing put subparser
DEBUG:root:Constructing get subparser
INFO:root:Retrieving snippet 'JS'
DEBUG:root:Snippet retrieved successfully
DEBUG:root:Connecting to PostgreSQL
DEBUG:root:Database connection established
INFO:root:Constructing parser
DEBUG:root:Constructing put subparser
DEBUG:root:Constructing get subparser
INFO:root:Storing snippet 'AGJ': 'My initials'
DEBUG:root:Snippet stored successfully
DEBUG:root:Connecting to PostgreSQL
DEBUG:root:Database connection established
INFO:root:Constructing parser
DEBUG:root:Constructing put subparser
DEBUG:root:Constructing get subparser
INFO:root:Retrieving snippet 'AGJ'
DEBUG:root:Snippet retrieved successfully
DEBUG:root:Connecting to PostgreSQL
DEBUG:root:Connecting to PostgreSQL
DEBUG:root:Database connection established
INFO:root:Constructing parser
DEBUG:root:Constructing put subparser
DEBUG:root:Constructing get subparser
INFO:root:Retrieving snippet 'JS'
DEBUG:root:Snippet retrieved successfully
DEBUG:root:Connecting to PostgreSQL
DEBUG:root:Database connection established
INFO:root:Constructing parser
DEBUG:root:Constructing put subparser
DEBUG:root:Constructing get subparser
INFO:root:Retrieving snippet 'TEST'
DEBUG:root:Snippet retrieved successfully
DEBUG:root:Connecting to PostgreSQL
DEBUG:root:Database connection established
INFO:root:Constructing parser
DEBUG:root:Constructing put subparser
DEBUG:root:Constructing get subparser
INFO:root:Retrieving snippet 'TEST'
DEBUG:root:Snippet retrieved successfully
DEBUG:root:Connecting to PostgreSQL
DEBUG:root:Database connection established
INFO:root:Constructing parser
DEBUG:root:Constructing put subparser
DEBUG:root:Constructing get subparser
INFO:root:Storing snippet 'JS': 'Testing JS Update'
DEBUG:root:Snippet stored successfully
DEBUG:root:Connecting to PostgreSQL
DEBUG:root:Database connection established
INFO:root:Constructing parser
DEBUG:root:Constructing put subparser
DEBUG:root:Constructing get subparser
DEBUG:root:Connecting to PostgreSQL
DEBUG:root:Database connection established
INFO:root:Constructing parser
DEBUG:root:Constructing put subparser
DEBUG:root:Constructing get subparser
INFO:root:Storing snippet 'Hello': 'Hello testing'
DEBUG:root:Snippet stored successfully
DEBUG:root:Connecting to PostgreSQL
DEBUG:root:Database connection established
INFO:root:Constructing parser
DEBUG:root:Constructing put subparser
DEBUG:root:Constructing get subparser
INFO:root:Retrieving snippet 'Hello'
DEBUG:root:Snippet retrieved successfully
DEBUG:root:Connecting to PostgreSQL
DEBUG:root:Database connection established
INFO:root:Constructing parser
DEBUG:root:Constructing put subparser
DEBUG:root:Constructing get subparser
DEBUG:root:Constructing catalog subparser
INFO:root:Retrieveing list of keywords
DEBUG:root:List of keywords retrieved successfully
